#! /usr/bin/vvp
:ivl_version "0.9.6 " "(v0_9_6)";
:vpi_time_precision + 0;
:vpi_module "system";
:vpi_module "v2005_math";
:vpi_module "va_math";
S_0x273aef0 .scope module, "test" "test" 2 30;
 .timescale 0 0;
P_0x273fc68 .param/l "half_per" 2 32, +C4<01010>;
v0x2755b10_0 .net "Out", 31 0, v0x2755a60_0; 1 drivers
v0x2755be0_0 .net/s *"_s1", 4 0, C4<01010>; 1 drivers
v0x2755c60_0 .var "array", 31 0;
v0x2755d10_0 .var "clk", 0 0;
E_0x272f420 .event edge, C4<01010>;
S_0x273afe0 .scope module, "bub1" "bubble" 2 46, 2 1, S_0x273aef0;
 .timescale 0 0;
P_0x272b1b8 .param/l "NUM" 2 4, +C4<0100000>;
P_0x272b1e0 .param/l "WID" 2 3, +C4<0100000>;
v0x272c240_0 .net "clk", 0 0, v0x2755d10_0; 1 drivers
v0x2755920_0 .var/i "i", 31 0;
v0x27559c0_0 .net "inArray", 31 0, v0x2755c60_0; 1 drivers
v0x2755a60_0 .var "outArray", 31 0;
E_0x273b0d0 .event negedge, v0x272c240_0;
E_0x273b100 .event posedge, v0x272c240_0;
E_0x273ba00 .event edge, v0x27559c0_0;
    .scope S_0x273afe0;
T_0 ;
    %wait E_0x273ba00;
    %load/v 8, v0x27559c0_0, 32;
    %set/v v0x2755a60_0, 8, 32;
    %jmp T_0;
    .thread T_0, $push;
    .scope S_0x273afe0;
T_1 ;
    %wait E_0x273b100;
    %set/v v0x2755920_0, 0, 32;
T_1.0 ;
    %load/v 8, v0x2755920_0, 32;
   %cmpi/s 8, 30, 32;
    %jmp/0xz T_1.1, 5;
    %ix/getv/s 1, v0x2755920_0;
    %jmp/1 T_1.5, 4;
    %load/x1p 8, v0x2755a60_0, 1;
    %jmp T_1.6;
T_1.5 ;
    %mov 8, 2, 1;
T_1.6 ;
; Save base=8 wid=1 in lookaside.
    %ix/load 0, 1, 0;
    %load/vp0/s 9, v0x2755920_0, 32;
    %ix/get/s 1, 9, 32;
    %jmp/1 T_1.7, 4;
    %load/x1p 9, v0x2755a60_0, 1;
    %jmp T_1.8;
T_1.7 ;
    %mov 9, 2, 1;
T_1.8 ;
; Save base=9 wid=1 in lookaside.
    %cmp/u 8, 9, 1;
    %mov 8, 5, 1;
    %jmp/0  T_1.2, 8;
    %ix/load 0, 1, 0;
    %load/vp0/s 9, v0x2755920_0, 32;
    %ix/get/s 1, 9, 32;
    %jmp/1 T_1.9, 4;
    %load/x1p 9, v0x2755a60_0, 1;
    %jmp T_1.10;
T_1.9 ;
    %mov 9, 2, 1;
T_1.10 ;
; Save base=9 wid=1 in lookaside.
    %jmp/1  T_1.4, 8;
T_1.2 ; End of true expr.
    %ix/getv/s 1, v0x2755920_0;
    %jmp/1 T_1.11, 4;
    %load/x1p 10, v0x2755a60_0, 1;
    %jmp T_1.12;
T_1.11 ;
    %mov 10, 2, 1;
T_1.12 ;
; Save base=10 wid=1 in lookaside.
    %jmp/0  T_1.3, 8;
 ; End of false expr.
    %blend  9, 10, 1; Condition unknown.
    %jmp  T_1.4;
T_1.3 ;
    %mov 9, 10, 1; Return false value
T_1.4 ;
    %ix/load 0, 1, 0;
    %load/vp0/s 10, v0x2755920_0, 32;
    %ix/get/s 1, 10, 32;
    %jmp/1 t_0, 4;
    %ix/load 0, 1, 0;
    %assign/v0/x1 v0x2755a60_0, 0, 9;
t_0 ;
    %ix/getv/s 1, v0x2755920_0;
    %jmp/1 T_1.16, 4;
    %load/x1p 8, v0x2755a60_0, 1;
    %jmp T_1.17;
T_1.16 ;
    %mov 8, 2, 1;
T_1.17 ;
; Save base=8 wid=1 in lookaside.
    %ix/load 0, 1, 0;
    %load/vp0/s 9, v0x2755920_0, 32;
    %ix/get/s 1, 9, 32;
    %jmp/1 T_1.18, 4;
    %load/x1p 9, v0x2755a60_0, 1;
    %jmp T_1.19;
T_1.18 ;
    %mov 9, 2, 1;
T_1.19 ;
; Save base=9 wid=1 in lookaside.
    %cmp/u 8, 9, 1;
    %mov 8, 5, 1;
    %jmp/0  T_1.13, 8;
    %ix/getv/s 1, v0x2755920_0;
    %jmp/1 T_1.20, 4;
    %load/x1p 9, v0x2755a60_0, 1;
    %jmp T_1.21;
T_1.20 ;
    %mov 9, 2, 1;
T_1.21 ;
; Save base=9 wid=1 in lookaside.
    %jmp/1  T_1.15, 8;
T_1.13 ; End of true expr.
    %ix/load 0, 1, 0;
    %load/vp0/s 10, v0x2755920_0, 32;
    %ix/get/s 1, 10, 32;
    %jmp/1 T_1.22, 4;
    %load/x1p 10, v0x2755a60_0, 1;
    %jmp T_1.23;
T_1.22 ;
    %mov 10, 2, 1;
T_1.23 ;
; Save base=10 wid=1 in lookaside.
    %jmp/0  T_1.14, 8;
 ; End of false expr.
    %blend  9, 10, 1; Condition unknown.
    %jmp  T_1.15;
T_1.14 ;
    %mov 9, 10, 1; Return false value
T_1.15 ;
    %ix/getv/s 1, v0x2755920_0;
    %jmp/1 t_1, 4;
    %ix/load 0, 1, 0;
    %assign/v0/x1 v0x2755a60_0, 0, 9;
t_1 ;
    %ix/load 0, 2, 0;
    %load/vp0/s 8, v0x2755920_0, 32;
    %set/v v0x2755920_0, 8, 32;
    %jmp T_1.0;
T_1.1 ;
    %jmp T_1;
    .thread T_1;
    .scope S_0x273afe0;
T_2 ;
    %wait E_0x273b0d0;
    %movi 8, 1, 32;
    %set/v v0x2755920_0, 8, 32;
T_2.0 ;
    %load/v 8, v0x2755920_0, 32;
   %cmpi/s 8, 29, 32;
    %jmp/0xz T_2.1, 5;
    %ix/getv/s 1, v0x2755920_0;
    %jmp/1 T_2.5, 4;
    %load/x1p 8, v0x2755a60_0, 1;
    %jmp T_2.6;
T_2.5 ;
    %mov 8, 2, 1;
T_2.6 ;
; Save base=8 wid=1 in lookaside.
    %ix/load 0, 1, 0;
    %load/vp0/s 9, v0x2755920_0, 32;
    %ix/get/s 1, 9, 32;
    %jmp/1 T_2.7, 4;
    %load/x1p 9, v0x2755a60_0, 1;
    %jmp T_2.8;
T_2.7 ;
    %mov 9, 2, 1;
T_2.8 ;
; Save base=9 wid=1 in lookaside.
    %cmp/u 8, 9, 1;
    %mov 8, 5, 1;
    %jmp/0  T_2.2, 8;
    %ix/load 0, 1, 0;
    %load/vp0/s 9, v0x2755920_0, 32;
    %ix/get/s 1, 9, 32;
    %jmp/1 T_2.9, 4;
    %load/x1p 9, v0x2755a60_0, 1;
    %jmp T_2.10;
T_2.9 ;
    %mov 9, 2, 1;
T_2.10 ;
; Save base=9 wid=1 in lookaside.
    %jmp/1  T_2.4, 8;
T_2.2 ; End of true expr.
    %ix/getv/s 1, v0x2755920_0;
    %jmp/1 T_2.11, 4;
    %load/x1p 10, v0x2755a60_0, 1;
    %jmp T_2.12;
T_2.11 ;
    %mov 10, 2, 1;
T_2.12 ;
; Save base=10 wid=1 in lookaside.
    %jmp/0  T_2.3, 8;
 ; End of false expr.
    %blend  9, 10, 1; Condition unknown.
    %jmp  T_2.4;
T_2.3 ;
    %mov 9, 10, 1; Return false value
T_2.4 ;
    %ix/load 0, 1, 0;
    %load/vp0/s 10, v0x2755920_0, 32;
    %ix/get/s 1, 10, 32;
    %jmp/1 t_2, 4;
    %ix/load 0, 1, 0;
    %assign/v0/x1 v0x2755a60_0, 0, 9;
t_2 ;
    %ix/getv/s 1, v0x2755920_0;
    %jmp/1 T_2.16, 4;
    %load/x1p 8, v0x2755a60_0, 1;
    %jmp T_2.17;
T_2.16 ;
    %mov 8, 2, 1;
T_2.17 ;
; Save base=8 wid=1 in lookaside.
    %ix/load 0, 1, 0;
    %load/vp0/s 9, v0x2755920_0, 32;
    %ix/get/s 1, 9, 32;
    %jmp/1 T_2.18, 4;
    %load/x1p 9, v0x2755a60_0, 1;
    %jmp T_2.19;
T_2.18 ;
    %mov 9, 2, 1;
T_2.19 ;
; Save base=9 wid=1 in lookaside.
    %cmp/u 8, 9, 1;
    %mov 8, 5, 1;
    %jmp/0  T_2.13, 8;
    %ix/getv/s 1, v0x2755920_0;
    %jmp/1 T_2.20, 4;
    %load/x1p 9, v0x2755a60_0, 1;
    %jmp T_2.21;
T_2.20 ;
    %mov 9, 2, 1;
T_2.21 ;
; Save base=9 wid=1 in lookaside.
    %jmp/1  T_2.15, 8;
T_2.13 ; End of true expr.
    %ix/load 0, 1, 0;
    %load/vp0/s 10, v0x2755920_0, 32;
    %ix/get/s 1, 10, 32;
    %jmp/1 T_2.22, 4;
    %load/x1p 10, v0x2755a60_0, 1;
    %jmp T_2.23;
T_2.22 ;
    %mov 10, 2, 1;
T_2.23 ;
; Save base=10 wid=1 in lookaside.
    %jmp/0  T_2.14, 8;
 ; End of false expr.
    %blend  9, 10, 1; Condition unknown.
    %jmp  T_2.15;
T_2.14 ;
    %mov 9, 10, 1; Return false value
T_2.15 ;
    %ix/getv/s 1, v0x2755920_0;
    %jmp/1 t_3, 4;
    %ix/load 0, 1, 0;
    %assign/v0/x1 v0x2755a60_0, 0, 9;
t_3 ;
    %ix/load 0, 2, 0;
    %load/vp0/s 8, v0x2755920_0, 32;
    %set/v v0x2755920_0, 8, 32;
    %jmp T_2.0;
T_2.1 ;
    %jmp T_2;
    .thread T_2;
    .scope S_0x273aef0;
T_3 ;
    %movi 8, 4278255360, 32;
    %set/v v0x2755c60_0, 8, 32;
    %end;
    .thread T_3;
    .scope S_0x273aef0;
T_4 ;
    %wait E_0x272f420;
    %load/v 8, v0x2755d10_0, 1;
    %inv 8, 1;
    %set/v v0x2755d10_0, 8, 1;
    %jmp T_4;
    .thread T_4, $push;
    .scope S_0x273aef0;
T_5 ;
    %set/v v0x2755d10_0, 0, 1;
    %vpi_call 2 41 "$dumpfile", "simple.vcd";
    %vpi_call 2 42 "$dumpvars", 1'sb0, v0x2755d10_0, v0x2755c60_0, v0x2755b10_0;
    %vpi_call 2 43 "$monitor", "clk=%5b, array=%5b, Out=%5b", v0x2755d10_0, v0x2755c60_0, v0x2755b10_0;
    %end;
    .thread T_5;
    .scope S_0x273aef0;
T_6 ;
    %wait E_0x273b100;
    %wait E_0x273b100;
    %wait E_0x273b100;
    %wait E_0x273b100;
    %wait E_0x273b100;
    %wait E_0x273b100;
    %wait E_0x273b100;
    %wait E_0x273b100;
    %wait E_0x273b100;
    %wait E_0x273b100;
    %wait E_0x273b100;
    %wait E_0x273b100;
    %wait E_0x273b100;
    %wait E_0x273b100;
    %wait E_0x273b100;
    %wait E_0x273b100;
    %wait E_0x273b100;
    %wait E_0x273b100;
    %wait E_0x273b100;
    %wait E_0x273b100;
    %wait E_0x273b100;
    %wait E_0x273b100;
    %wait E_0x273b100;
    %wait E_0x273b100;
    %vpi_call 2 73 "$finish";
    %end;
    .thread T_6;
# The file index is used to find the file name in the following table.
:file_names 3;
    "N/A";
    "<interactive>";
    "bubble.v";
